reads,avg_candidates,total_clusters,total_buckets,avg_bucket_size,max_bucket_size,worstKmer
10000,0,8210,40922,1.0,10,1152921504606846975
20000,0,16327,81347,1.0,19,1152921504606846975
30000,0,24417,121599,1.0,23,1152921504606846975
40000,0,32351,161106,1.0,29,1152921504606846975
50000,0,40232,200301,1.0,32,1152921504606846975
60000,0,48066,239259,1.0,38,1152921504606846975
70000,0,55827,277776,1.0,43,1152921504606846975
80000,0,63544,316084,1.0,47,1152921504606846975
90000,0,71190,354059,1.0,50,1152921504606846975
100000,0,78766,391609,1.0,60,1152921504606846975
110000,0,86393,429466,1.0,60,1152921504606846975
120000,0,93926,466834,1.0,67,1152921504606846975
130000,0,101373,503788,1.0,70,1152921504606846975
140000,0,108775,540453,1.0,74,1152921504606846975
150000,0,116273,577573,1.0,80,1152921504606846975
160000,0,123671,614249,1.0,82,1152921504606846975
170000,0,130973,650445,1.0,84,1152921504606846975
180000,0,138247,686417,1.0,88,1152921504606846975
190000,0,145561,722646,1.0,92,1152921504606846975
200000,0,152857,758771,1.0,95,1152921504606846975
210000,0,160051,794380,1.0,99,1152921504606846975
220000,0,167310,830292,1.0,99,1152921504606846975
230000,0,174461,865672,1.0,102,1152921504606846975
240000,0,181541,900687,1.0,105,1152921504606846975
250000,0,188686,936020,1.0,108,1152921504606846975
260000,0,195741,970868,1.0,112,1152921504606846975
270000,0,202826,1005951,1.0,115,1152921504606846975
280000,0,209839,1040583,1.0,122,1152921504606846975
290000,0,216860,1075198,1.0,125,1152921504606846975
300000,0,223913,1109976,1.0,129,1152921504606846975
310000,0,230799,1144014,1.0,132,1152921504606846975
320000,0,237731,1178259,1.0,134,1152921504606846975
330000,0,244664,1212538,1.0,138,1152921504606846975
340000,0,251708,1247307,1.0,143,1152921504606846975
350000,0,258655,1281561,1.0,149,1152921504606846975
360000,0,265530,1315477,1.0,152,1152921504606846975
370000,0,272438,1349506,1.0,156,1152921504606846975
380000,0,279188,1382829,1.0,160,1152921504606846975
390000,0,286021,1416540,1.0,165,1152921504606846975
400000,0,292823,1450117,1.0,171,1152921504606846975
410000,0,299551,1483299,1.0,172,1152921504606846975
420000,1,306365,1516889,1.0,178,1152921504606846975
430000,0,313178,1550451,1.0,184,1152921504606846975
440000,0,319955,1583827,1.0,187,1152921504606846975
450000,0,326722,1617218,1.0,190,1152921504606846975
460000,0,333559,1650916,1.0,193,1152921504606846975
470000,0,340248,1683821,1.0,200,1152921504606846975
480000,1,346936,1716794,1.0,207,1152921504606846975
490000,1,353591,1749582,1.0,210,1152921504606846975
500000,0,360286,1782497,1.0,214,1152921504606846975
510000,1,366929,1815192,1.0,218,1152921504606846975
520000,1,373650,1848282,1.0,221,1152921504606846975
530000,1,380347,1881208,1.0,224,1152921504606846975
540000,0,386926,1913588,1.0,228,1152921504606846975
550000,1,393509,1945993,1.0,233,1152921504606846975
560000,1,400087,1978296,1.0,238,1152921504606846975
570000,1,406688,2010829,1.0,240,1152921504606846975
580000,0,413237,2043037,1.0,241,1152921504606846975
590000,1,419787,2075244,1.0,244,1152921504606846975
600000,1,426387,2107723,1.0,244,1152921504606846975
610000,1,433050,2140539,1.0,247,1152921504606846975
620000,0,439722,2173360,1.0,250,1152921504606846975
630000,1,446362,2206009,1.0,254,1152921504606846975
640000,1,453035,2238873,1.0,257,1152921504606846975
650000,1,459668,2271449,1.0,259,1152921504606846975
660000,1,466285,2304014,1.0,260,1152921504606846975
670000,1,472981,2336907,1.0,266,1152921504606846975
680000,0,479434,2368622,1.0,267,1152921504606846975
690000,1,485835,2400073,1.0,270,1152921504606846975
700000,1,492270,2431656,1.0,270,1152921504606846975
710000,1,498742,2463454,1.0,274,1152921504606846975
720000,1,505141,2494874,1.0,275,1152921504606846975
730000,1,511493,2526103,1.0,278,1152921504606846975
740000,1,517903,2557517,1.0,279,1152921504606846975
750000,1,524339,2589073,1.0,284,1152921504606846975
760000,1,530774,2620693,1.0,285,1152921504606846975
770000,1,537151,2651975,1.0,289,1152921504606846975
780000,1,543550,2683408,1.0,292,1152921504606846975
790000,1,549964,2714926,1.0,293,1152921504606846975
800000,1,556252,2745817,1.0,296,1152921504606846975
810000,1,562629,2777065,1.0,297,1152921504606846975
820000,1,568948,2808008,1.0,298,1152921504606846975
830000,1,575255,2838965,1.0,299,1152921504606846975
840000,1,581616,2870194,1.0,302,1152921504606846975
850000,1,587930,2901089,1.0,304,1152921504606846975
860000,1,594196,2931799,1.0,308,1152921504606846975
870000,1,600442,2962443,1.0,311,1152921504606846975
880000,1,606738,2993275,1.0,314,1152921504606846975
890000,1,613021,3024139,1.0,316,1152921504606846975
900000,1,619325,3054956,1.0,317,1152921504606846975
910000,1,625676,3086075,1.0,318,1152921504606846975
920000,1,631946,3116778,1.0,319,1152921504606846975
930000,1,638148,3147156,1.0,323,1152921504606846975
940000,1,644342,3177534,1.0,325,1152921504606846975
950000,1,650577,3208090,1.0,328,1152921504606846975
960000,1,656844,3238769,1.0,330,1152921504606846975
970000,1,662922,3268515,1.0,334,1152921504606846975
980000,1,669189,3299260,1.0,338,1152921504606846975
990000,1,675329,3329331,1.0,340,1152921504606846975
1000000,1,681490,3359447,1.0,342,1152921504606846975
1010000,1,687581,3389329,1.0,345,1152921504606846975
1020000,1,693799,3419799,1.0,347,1152921504606846975
1030000,1,699998,3450176,1.0,349,1152921504606846975
1040000,1,706085,3479943,1.0,350,1152921504606846975
1050000,1,712284,3510250,1.0,353,1152921504606846975
1060000,1,718510,3540760,1.0,355,1152921504606846975
1070000,1,724615,3570596,1.0,360,1152921504606846975
1080000,1,730758,3600601,1.0,363,1152921504606846975
1090000,1,736902,3630711,1.0,367,1152921504606846975
1100000,1,743136,3661145,1.0,370,1152921504606846975
1110000,1,749359,3691592,1.0,371,1152921504606846975
1120000,1,755604,3722176,1.0,373,1152921504606846975
1130000,1,761735,3752115,1.0,376,1152921504606846975
1140000,1,767868,3782123,1.0,380,1152921504606846975
1150000,1,774131,3812727,1.0,383,1152921504606846975
1160000,1,780362,3843202,1.0,385,1152921504606846975
1170000,1,786718,3874240,1.0,389,1152921504606846975
1180000,1,792983,3904897,1.0,394,1152921504606846975
1190000,1,799164,3935115,1.0,394,1152921504606846975
1200000,1,805061,3963942,1.0,396,1152921504606846975
1210000,2,811062,3993271,1.0,398,1152921504606846975
1220000,1,817159,4023027,1.0,402,1152921504606846975
1230000,1,823411,4053589,1.0,405,1152921504606846975
1240000,1,829612,4083940,1.0,409,1152921504606846975
1250000,1,835881,4114578,1.0,410,1152921504606846975
1260000,1,842058,4144798,1.0,413,1152921504606846975
1270000,2,848236,4174926,1.0,415,1152921504606846975
1280000,1,854469,4205293,1.0,418,1152921504606846975
1290000,1,860802,4236191,1.0,419,1152921504606846975
1300000,1,867026,4266636,1.0,419,1152921504606846975
1310000,1,873278,4297181,1.0,423,1152921504606846975
1320000,1,879551,4327841,1.0,425,1152921504606846975
1330000,1,885809,4358428,1.0,430,1152921504606846975
1340000,2,892016,4388782,1.0,430,1152921504606846975
1350000,2,898198,4418985,1.0,435,1152921504606846975
1360000,2,904345,4449055,1.0,436,1152921504606846975
1370000,1,910538,4479319,1.0,437,1152921504606846975
1380000,1,916735,4509597,1.0,440,1152921504606846975
1390000,1,922902,4539672,1.0,443,1152921504606846975
1400000,2,929135,4570152,1.0,450,1152921504606846975
1410000,1,935341,4600480,1.0,454,1152921504606846975
1420000,2,941485,4630450,1.0,457,1152921504606846975
1430000,1,947679,4660645,1.0,458,1152921504606846975
1440000,1,953850,4690798,1.0,460,1152921504606846975
1450000,1,960030,4721035,1.0,460,1152921504606846975
1460000,1,966198,4751132,1.0,462,1152921504606846975
1470000,1,972345,4781103,1.0,462,1152921504606846975
1480000,1,978528,4811333,1.0,462,1152921504606846975
1490000,2,984705,4841466,1.0,462,1152921504606846975
1500000,1,990888,4871568,1.0,462,1152921504606846975
1510000,1,997072,4901773,1.0,465,1152921504606846975
1520000,1,1003208,4931673,1.0,466,1152921504606846975
1530000,2,1009377,4961717,1.0,469,1152921504606846975
1540000,1,1015442,4991227,1.0,471,1152921504606846975
1550000,2,1021558,5021097,1.0,473,1152921504606846975
1560000,1,1027725,5051102,1.0,475,1152921504606846975
1570000,1,1033778,5080658,1.0,477,1152921504606846975
1580000,1,1039933,5110680,1.0,478,1152921504606846975
1590000,1,1046056,5140542,1.0,478,1152921504606846975
1600000,1,1052197,5170508,1.0,480,1152921504606846975
1610000,1,1058334,5200440,1.0,481,1152921504606846975
1620000,2,1064490,5230576,1.0,486,1152921504606846975
1630000,2,1070652,5260662,1.0,486,1152921504606846975
1640000,2,1076710,5290165,1.0,490,1152921504606846975
1650000,1,1082758,5319684,1.0,492,1152921504606846975
1660000,2,1088776,5349018,1.0,492,1152921504606846975
1670000,2,1094783,5378265,1.0,496,1152921504606846975
1680000,1,1100759,5407313,1.0,498,1152921504606846975
1690000,1,1106691,5436158,1.0,500,1152921504606846975
1700000,2,1112642,5465123,1.0,502,1152921504606846975
1710000,2,1118502,5493706,1.0,503,1152921504606846975
1720000,1,1124502,5522926,1.0,505,1152921504606846975
1730000,2,1130491,5552144,1.0,507,1152921504606846975
1740000,2,1136442,5581156,1.0,511,1152921504606846975
1750000,2,1142284,5609574,1.0,515,1152921504606846975
1760000,1,1148207,5638396,1.0,519,1152921504606846975
1770000,2,1154178,5667499,1.0,520,1152921504606846975
1780000,2,1160107,5696364,1.0,523,1152921504606846975
1790000,2,1165981,5724970,1.0,527,1152921504606846975
1800000,2,1171894,5753688,1.0,531,1152921504606846975
1810000,2,1177842,5782594,1.0,532,1152921504606846975
1820000,2,1183754,5811423,1.0,533,1152921504606846975
1830000,2,1189763,5840612,1.0,534,1152921504606846975
1840000,2,1195621,5869063,1.0,539,1152921504606846975
1850000,2,1201413,5897214,1.0,541,1152921504606846975
1860000,1,1207207,5925431,1.0,543,1152921504606846975
1870000,2,1213050,5953857,1.0,547,1152921504606846975
1880000,2,1218883,5982212,1.0,550,1152921504606846975
1890000,2,1224709,6010494,1.0,552,1152921504606846975
1900000,2,1230559,6038943,1.0,557,1152921504606846975
1910000,2,1236411,6067402,1.0,559,1152921504606846975
1920000,2,1242233,6095727,1.0,564,1152921504606846975
1930000,2,1248073,6124111,1.0,567,1152921504606846975
1940000,2,1253858,6152307,1.0,569,1152921504606846975
1950000,1,1259680,6180598,1.0,570,1152921504606846975
1960000,2,1265568,6209235,1.0,573,1152921504606846975
1970000,2,1271333,6237349,1.0,576,1152921504606846975
1980000,2,1277188,6265858,1.0,579,1152921504606846975
1990000,1,1282892,6293690,1.0,581,1152921504606846975
2000000,2,1288688,6321867,1.0,581,1152921504606846975
2010000,2,1294509,6350130,1.0,582,1152921504606846975
2020000,2,1300350,6378615,1.0,584,1152921504606846975
2030000,2,1306217,6407164,1.0,590,1152921504606846975
2040000,2,1312033,6435441,1.0,594,1152921504606846975
2050000,3,1317764,6463384,1.0,599,1152921504606846975
2060000,2,1323556,6491579,1.0,601,1152921504606846975
2070000,2,1329336,6519687,1.0,604,1152921504606846975
2080000,3,1335008,6547261,1.0,609,1152921504606846975
2090000,3,1340806,6575541,1.0,614,1152921504606846975
2100000,2,1346681,6604134,1.0,615,1152921504606846975
2110000,2,1352485,6632354,1.0,617,1152921504606846975
2120000,2,1358213,6660168,1.0,619,1152921504606846975
2130000,1,1363983,6688288,1.0,622,1152921504606846975
2140000,1,1369697,6716038,1.0,622,1152921504606846975
2150000,2,1375455,6744069,1.0,624,1152921504606846975
2160000,2,1381257,6772262,1.0,625,1152921504606846975
2170000,2,1387066,6800445,1.0,628,1152921504606846975
2180000,2,1392821,6828426,1.0,628,1152921504606846975
2190000,2,1398618,6856558,1.0,632,1152921504606846975
2200000,2,1404445,6884812,1.0,636,1152921504606846975
2210000,2,1410233,6912850,1.0,638,1152921504606846975
2220000,2,1416025,6940990,1.0,641,1152921504606846975
2230000,2,1421739,6968738,1.0,644,1152921504606846975
2240000,2,1427509,6996757,1.0,646,1152921504606846975
2250000,2,1433225,7024524,1.0,650,1152921504606846975
2260000,3,1439015,7052481,1.0,655,1152921504606846975
2270000,2,1444796,7080580,1.0,658,1152921504606846975
2280000,2,1450571,7108626,1.0,659,1152921504606846975
2290000,3,1456359,7136720,1.0,664,1152921504606846975
2300000,2,1462010,7164059,1.0,665,1152921504606846975
2310000,2,1467728,7191828,1.0,669,1152921504606846975
2320000,1,1473577,7220245,1.0,671,1152921504606846975
2330000,3,1479378,7248400,1.0,674,1152921504606846975
2340000,2,1485043,7275824,1.0,676,1152921504606846975
2350000,2,1490802,7303771,1.0,678,1152921504606846975
2360000,2,1496565,7331760,1.0,682,1152921504606846975
2370000,2,1502328,7359731,1.0,684,1152921504606846975
2380000,3,1508135,7387806,1.0,687,1152921504606846975
2390000,2,1513848,7415539,1.0,689,1152921504606846975
2400000,1,1519552,7443253,1.0,691,1152921504606846975
2410000,2,1525327,7471278,1.0,693,1152921504606846975
2420000,2,1530948,7498587,1.0,694,1152921504606846975
2430000,2,1536682,7526332,1.0,694,1152921504606846975
2440000,2,1542426,7554233,1.0,698,1152921504606846975
2450000,2,1548179,7582143,1.0,702,1152921504606846975
2460000,2,1554018,7610401,1.0,703,1152921504606846975
2470000,2,1559747,7638196,1.0,703,1152921504606846975
2480000,2,1565478,7666025,1.0,706,1152921504606846975
2490000,2,1571182,7693723,1.0,709,1152921504606846975
2500000,2,1576924,7721510,1.0,711,1152921504606846975
2510000,2,1582691,7749482,1.0,712,1152921504606846975
2520000,2,1588506,7777699,1.0,714,1152921504606846975
2530000,3,1594247,7805551,1.0,716,1152921504606846975
2540000,2,1600011,7833499,1.0,716,1152921504606846975
2550000,2,1605749,7861386,1.0,718,1152921504606846975
2560000,3,1611480,7889155,1.0,720,1152921504606846975
2570000,3,1617204,7916834,1.0,724,1152921504606846975
2580000,2,1622932,7944659,1.0,726,1152921504606846975
2590000,3,1628574,7972004,1.0,727,1152921504606846975
2600000,2,1634325,7999947,1.0,729,1152921504606846975
2610000,3,1640058,8027663,1.0,733,1152921504606846975
2620000,3,1645785,8055424,1.0,735,1152921504606846975
2630000,3,1651513,8083173,1.0,737,1152921504606846975
2640000,2,1657161,8110446,1.0,743,1152921504606846975
2650000,3,1662884,8138156,1.0,748,1152921504606846975
2660000,2,1668574,8165744,1.0,748,1152921504606846975
2670000,2,1674217,8193032,1.0,749,1152921504606846975
2680000,2,1680003,8221124,1.0,751,1152921504606846975
2690000,2,1685676,8248746,1.0,752,1152921504606846975
2700000,2,1691406,8276478,1.0,752,1152921504606846975
2710000,2,1697129,8304219,1.0,753,1152921504606846975
2720000,2,1702862,8331997,1.0,757,1152921504606846975
2730000,2,1708582,8359714,1.0,758,1152921504606846975
2740000,3,1714294,8387341,1.0,759,1152921504606846975
2750000,3,1719986,8414817,1.0,761,1152921504606846975
2760000,3,1725651,8442165,1.0,765,1152921504606846975
2770000,2,1731365,8469859,1.0,765,1152921504606846975
2780000,2,1737068,8497492,1.0,765,1152921504606846975
2790000,3,1742717,8524885,1.0,766,1152921504606846975
2800000,3,1748463,8552701,1.0,768,1152921504606846975
2810000,3,1754160,8580182,1.0,773,1152921504606846975
2820000,3,1759884,8607880,1.0,778,1152921504606846975
2830000,3,1765604,8635558,1.0,779,1152921504606846975
2840000,2,1771348,8663317,1.0,782,1152921504606846975
2850000,2,1777044,8690816,1.0,783,1152921504606846975
2860000,2,1782733,8718388,1.0,785,1152921504606846975
2870000,2,1788414,8745942,1.0,787,1152921504606846975
2880000,2,1793991,8772946,1.0,787,1152921504606846975
2890000,4,1799594,8800038,1.0,790,1152921504606846975
2900000,2,1805327,8827812,1.0,793,1152921504606846975
2910000,2,1810995,8855226,1.0,795,1152921504606846975
2920000,3,1816624,8882504,1.0,798,1152921504606846975
2930000,3,1822178,8909371,1.0,800,1152921504606846975
2940000,3,1827832,8936687,1.0,805,1152921504606846975
2950000,2,1833512,8964217,1.0,806,1152921504606846975
2960000,3,1839167,8991478,1.0,810,1152921504606846975
2970000,2,1844753,9018515,1.0,813,1152921504606846975
2980000,2,1850389,9045783,1.0,814,1152921504606846975
2990000,2,1855995,9072935,1.0,816,1152921504606846975
3000000,3,1861645,9100265,1.0,817,1152921504606846975
3010000,2,1867187,9127088,1.0,817,1152921504606846975
3020000,3,1872814,9154233,1.0,818,1152921504606846975
3030000,2,1878326,9180984,1.0,820,1152921504606846975
3040000,3,1883836,9207560,1.0,822,1152921504606846975
3050000,2,1889403,9234446,1.0,824,1152921504606846975
3060000,2,1894859,9260832,1.0,825,1152921504606846975
3070000,2,1900416,9287822,1.0,826,1152921504606846975
3080000,2,1905833,9313955,1.0,829,1152921504606846975
3090000,2,1911343,9340633,1.0,830,1152921504606846975
3100000,2,1916822,9367115,1.0,833,1152921504606846975
3110000,4,1922319,9393714,1.0,837,1152921504606846975
3120000,4,1927784,9420209,1.0,841,1152921504606846975
3130000,3,1933259,9446574,1.0,842,1152921504606846975
3140000,2,1938728,9472970,1.0,845,1152921504606846975
3150000,3,1944292,9499871,1.0,846,1152921504606846975
3160000,2,1949814,9526441,1.0,846,1152921504606846975
3170000,3,1955340,9553239,1.0,850,1152921504606846975
3180000,3,1960821,9579796,1.0,851,1152921504606846975
3190000,2,1966326,9606416,1.0,851,1152921504606846975
3200000,2,1971821,9632958,1.0,854,1152921504606846975
3210000,2,1977315,9659430,1.0,858,1152921504606846975
3220000,3,1982737,9685522,1.0,860,1152921504606846975
3230000,2,1988269,9712264,1.0,860,1152921504606846975
3240000,2,1993780,9738911,1.0,863,1152921504606846975
3250000,2,1999271,9765520,1.0,867,1152921504606846975
3260000,2,2004660,9791589,1.0,867,1152921504606846975
3270000,2,2010080,9817791,1.0,869,1152921504606846975
3280000,2,2015477,9843900,1.0,869,1152921504606846975
3290000,3,2020920,9870166,1.0,871,1152921504606846975
3300000,2,2026191,9895672,1.0,875,1152921504606846975
3310000,2,2031551,9921524,1.0,877,1152921504606846975
3320000,3,2036905,9947416,1.0,883,1152921504606846975
3330000,2,2042266,9973352,1.0,884,1152921504606846975
3340000,3,2047517,9998737,1.0,887,1152921504606846975
3350000,4,2052885,10024569,1.0,890,1152921504606846975
3360000,2,2058204,10050285,1.0,891,1152921504606846975
3370000,3,2063433,10075554,1.0,893,1152921504606846975
3380000,2,2068765,10101315,1.0,896,1152921504606846975
3390000,3,2074111,10127175,1.0,897,1152921504606846975
3400000,3,2079361,10152409,1.0,900,1152921504606846975
3410000,3,2084528,10177375,1.0,901,1152921504606846975
3420000,2,2089840,10202965,1.0,902,1152921504606846975
3430000,3,2095338,10229523,1.0,902,1152921504606846975
3440000,3,2100779,10255833,1.0,903,1152921504606846975
3450000,3,2106315,10282538,1.0,906,1152921504606846975
3460000,2,2111723,10308687,1.0,907,1152921504606846975
3470000,3,2117118,10334665,1.0,908,1152921504606846975
3480000,3,2122522,10360739,1.0,909,1152921504606846975
3490000,3,2127926,10386877,1.0,911,1152921504606846975
3500000,3,2133366,10413156,1.0,913,1152921504606846975
3510000,3,2138751,10439242,1.0,915,1152921504606846975
3520000,2,2144099,10465047,1.0,916,1152921504606846975
3530000,4,2149545,10491315,1.0,920,1152921504606846975
3540000,4,2154938,10517450,1.0,923,1152921504606846975
3550000,3,2160267,10543209,1.0,924,1152921504606846975
3560000,3,2165617,10569062,1.0,929,1152921504606846975
3570000,3,2170999,10594973,1.0,931,1152921504606846975
3580000,3,2176427,10621192,1.0,934,1152921504606846975
3590000,3,2181880,10647552,1.0,936,1152921504606846975
3600000,4,2187343,10673920,1.0,939,1152921504606846975
3610000,3,2192743,10700071,1.0,939,1152921504606846975
3620000,3,2198151,10726135,1.0,942,1152921504606846975
3630000,2,2203502,10751969,1.0,944,1152921504606846975
3640000,3,2208946,10778179,1.0,947,1152921504606846975
3650000,3,2214331,10804171,1.0,951,1152921504606846975
3660000,3,2219827,10830695,1.0,953,1152921504606846975
3670000,3,2225187,10856571,1.0,957,1152921504606846975
3680000,2,2230533,10882345,1.0,958,1152921504606846975
3690000,4,2235921,10908296,1.0,959,1152921504606846975
3700000,3,2241251,10934063,1.0,963,1152921504606846975
3710000,3,2246562,10959736,1.0,965,1152921504606846975
3720000,4,2251953,10985816,1.0,967,1152921504606846975
3730000,4,2257337,11011748,1.0,969,1152921504606846975
3740000,3,2262726,11037752,1.0,971,1152921504606846975
3750000,3,2268028,11063383,1.0,973,1152921504606846975
3760000,3,2273352,11089109,1.0,974,1152921504606846975
3770000,4,2278716,11114904,1.0,976,1152921504606846975
3780000,4,2284075,11140695,1.0,976,1152921504606846975
3790000,3,2289352,11166021,1.0,978,1152921504606846975
3800000,3,2294660,11191598,1.0,985,1152921504606846975
3810000,3,2299890,11216801,1.0,989,1152921504606846975
3820000,3,2305244,11242626,1.0,992,1152921504606846975
3830000,4,2310564,11268254,1.0,992,1152921504606846975
3840000,3,2315848,11293795,1.0,993,1152921504606846975
3850000,2,2321124,11319271,1.0,994,1152921504606846975
3860000,2,2326421,11344727,1.0,996,1152921504606846975
3870000,3,2331749,11370353,1.0,997,1152921504606846975
3880000,4,2337108,11396116,1.0,999,1152921504606846975
3890000,3,2342461,11421901,1.0,1002,1152921504606846975
3900000,2,2347782,11447539,1.0,1005,1152921504606846975
3910000,3,2353139,11473386,1.0,1006,1152921504606846975
3920000,3,2358469,11499075,1.0,1010,1152921504606846975
3930000,3,2363737,11524387,1.0,1016,1152921504606846975
3940000,4,2368965,11549502,1.0,1020,1152921504606846975
3950000,4,2374241,11574969,1.0,1023,1152921504606846975
3960000,3,2379406,11599832,1.0,1025,1152921504606846975
3970000,4,2384583,11624805,1.0,1029,1152921504606846975
3980000,3,2389774,11649738,1.0,1030,1152921504606846975
3990000,2,2395023,11675103,1.0,1031,1152921504606846975
4000000,3,2400172,11699902,1.0,1033,1152921504606846975
4010000,4,2405310,11724606,1.0,1040,1152921504606846975
4020000,3,2410608,11750152,1.0,1040,1152921504606846975
4030000,3,2415868,11775462,1.0,1043,1152921504606846975
4040000,3,2421129,11800766,1.0,1046,1152921504606846975
4050000,3,2426399,11826206,1.0,1047,1152921504606846975
4060000,4,2431645,11851568,1.0,1052,1152921504606846975
4070000,4,2437009,11877294,1.0,1056,1152921504606846975
4080000,3,2442270,11902575,1.0,1059,1152921504606846975
4090000,3,2447481,11927548,1.0,1061,1152921504606846975
4100000,3,2452722,11952815,1.0,1063,1152921504606846975
4110000,4,2458018,11978341,1.0,1066,1152921504606846975
4120000,4,2463351,12004077,1.0,1068,1152921504606846975
4130000,3,2468710,12029892,1.0,1070,1152921504606846975
4140000,4,2473961,12055141,1.0,1072,1152921504606846975
4150000,3,2479244,12080509,1.0,1073,1152921504606846975
4160000,4,2484427,12105505,1.0,1078,1152921504606846975
4170000,3,2489674,12130855,1.0,1079,1152921504606846975
4180000,4,2494952,12156244,1.0,1082,1152921504606846975
4190000,3,2500146,12181339,1.0,1085,1152921504606846975
4200000,3,2505362,12206454,1.0,1086,1152921504606846975
4210000,2,2510541,12231344,1.0,1086,1152921504606846975
4220000,3,2515779,12256554,1.0,1087,1152921504606846975
4230000,3,2520903,12281154,1.0,1089,1152921504606846975
4240000,4,2526057,12306024,1.0,1090,1152921504606846975
4250000,4,2531271,12331146,1.0,1092,1152921504606846975
4260000,3,2536570,12356671,1.0,1093,1152921504606846975
4270000,3,2541758,12381654,1.0,1094,1152921504606846975
4280000,3,2546914,12406294,1.0,1095,1152921504606846975
4290000,4,2552213,12431791,1.0,1097,1152921504606846975
4300000,3,2557415,12456832,1.0,1099,1152921504606846975
4310000,3,2562594,12481828,1.0,1102,1152921504606846975
4320000,4,2567792,12506844,1.0,1105,1152921504606846975
4330000,4,2573004,12531845,1.0,1108,1152921504606846975
4340000,3,2578182,12556722,1.0,1111,1152921504606846975
4350000,4,2583363,12581686,1.0,1113,1152921504606846975
4360000,4,2588572,12606728,1.0,1117,1152921504606846975
4370000,4,2593833,12631901,1.0,1121,1152921504606846975
4380000,4,2598971,12656639,1.0,1122,1152921504606846975
4390000,3,2604152,12681614,1.0,1122,1152921504606846975
4400000,4,2609275,12706256,1.0,1124,1152921504606846975
4410000,3,2614529,12731532,1.0,1126,1152921504606846975
4420000,4,2619619,12756057,1.0,1127,1152921504606846975
4430000,4,2624774,12780683,1.0,1132,1152921504606846975
4440000,3,2629901,12805323,1.0,1135,1152921504606846975
4450000,2,2635039,12830054,1.0,1135,1152921504606846975
4460000,3,2640203,12854910,1.0,1136,1152921504606846975
4470000,4,2645419,12879944,1.0,1140,1152921504606846975
4480000,3,2650619,12904973,1.0,1144,1152921504606846975
4490000,3,2655765,12929686,1.0,1144,1152921504606846975
4500000,4,2660992,12954789,1.0,1144,1152921504606846975
4510000,3,2666104,12979279,1.0,1148,1152921504606846975
4520000,5,2671151,13003594,1.0,1150,1152921504606846975
4530000,4,2676405,13028821,1.0,1155,1152921504606846975
4540000,5,2681607,13053765,1.0,1157,1152921504606846975
4550000,4,2686768,13078574,1.0,1161,1152921504606846975
4560000,5,2691917,13103355,1.0,1162,1152921504606846975
4570000,4,2697002,13127760,1.0,1163,1152921504606846975
4580000,4,2702116,13152356,1.0,1165,1152921504606846975
4590000,4,2707238,13176880,1.0,1170,1152921504606846975
4600000,3,2712330,13201282,1.0,1172,1152921504606846975
4610000,4,2717434,13225784,1.0,1175,1152921504606846975
4620000,3,2722552,13250320,1.0,1176,1152921504606846975
4630000,4,2727699,13275020,1.0,1177,1152921504606846975
4640000,3,2732752,13299358,1.0,1179,1152921504606846975
4650000,4,2737835,13323742,1.0,1184,1152921504606846975
4660000,2,2742941,13348216,1.0,1185,1152921504606846975
4670000,3,2748041,13372701,1.0,1186,1152921504606846975
4680000,4,2753039,13396556,1.0,1188,1152921504606846975
4690000,4,2758198,13421381,1.0,1191,1152921504606846975
4700000,4,2763337,13446084,1.0,1194,1152921504606846975
4710000,4,2768410,13470331,1.0,1196,1152921504606846975
4720000,3,2773459,13494489,1.0,1197,1152921504606846975
4730000,6,2778554,13518969,1.0,1201,1152921504606846975
4740000,3,2783633,13543327,1.0,1202,1152921504606846975
4750000,4,2788726,13567815,1.0,1205,1152921504606846975
4760000,4,2793816,13592281,1.0,1207,1152921504606846975
4770000,4,2798872,13616470,1.0,1209,1152921504606846975
4780000,3,2803940,13640814,1.0,1212,1152921504606846975
4790000,4,2809057,13665380,1.0,1214,1152921504606846975
4800000,5,2814040,13689253,1.0,1218,1152921504606846975
4810000,4,2819077,13713451,1.0,1221,1152921504606846975
4820000,4,2824081,13737517,1.0,1222,1152921504606846975
4830000,4,2829183,13762065,1.0,1223,1152921504606846975
4840000,4,2834222,13786215,1.0,1224,1152921504606846975
4850000,5,2839320,13810776,1.0,1227,1152921504606846975
4860000,4,2844422,13835250,1.0,1229,1152921504606846975
4870000,3,2849411,13859167,1.0,1232,1152921504606846975
4880000,4,2854547,13883804,1.0,1233,1152921504606846975
4890000,4,2859568,13907902,1.0,1234,1152921504606846975
4900000,2,2864640,13932299,1.0,1234,1152921504606846975
4910000,3,2869659,13956404,1.0,1237,1152921504606846975
4920000,4,2874701,13980597,1.0,1247,1152921504606846975
4930000,3,2879793,14004995,1.0,1252,1152921504606846975
4940000,3,2884802,14029042,1.0,1253,1152921504606846975
4950000,4,2889799,14052966,1.0,1256,1152921504606846975
4960000,5,2894823,14077157,1.0,1259,1152921504606846975
4970000,3,2899813,14101141,1.0,1261,1152921504606846975
4980000,4,2904881,14125423,1.0,1262,1152921504606846975
4990000,3,2909831,14149246,1.0,1266,1152921504606846975
5000000,4,2914823,14173234,1.0,1272,1152921504606846975
5010000,3,2919792,14197089,1.0,1275,1152921504606846975
5020000,3,2924787,14221201,1.0,1275,1152921504606846975
5030000,4,2929842,14245414,1.0,1280,1152921504606846975
5040000,5,2934754,14269034,1.0,1286,1152921504606846975
5050000,4,2939817,14293199,1.0,1293,1152921504606846975
5060000,5,2944757,14316776,1.0,1298,1152921504606846975
5070000,4,2949700,14340509,1.0,1299,1152921504606846975
5080000,5,2954744,14364672,1.0,1304,1152921504606846975
5090000,5,2959772,14388713,1.0,1313,1152921504606846975
5100000,3,2964779,14412754,1.0,1316,1152921504606846975
5110000,4,2969758,14436616,1.0,1320,1152921504606846975
5120000,4,2974761,14460590,1.0,1328,1152921504606846975
5130000,5,2979691,14484177,1.0,1333,1152921504606846975
5140000,3,2984761,14508504,1.0,1336,1152921504606846975
5150000,3,2989739,14532367,1.0,1340,1152921504606846975
5160000,4,2994712,14556118,1.0,1342,1152921504606846975
5170000,4,2999633,14579707,1.0,1343,1152921504606846975
5180000,3,3004586,14603427,1.0,1345,1152921504606846975
5190000,5,3009531,14627095,1.0,1347,1152921504606846975
5200000,5,3014422,14650502,1.0,1350,1152921504606846975
5210000,4,3019326,14673989,1.0,1353,1152921504606846975
5220000,3,3024372,14698244,1.0,1355,1152921504606846975
5230000,5,3029237,14721466,1.0,1358,1152921504606846975
5240000,4,3034128,14744855,1.0,1362,1152921504606846975
5250000,5,3039090,14768630,1.0,1366,1152921504606846975
5260000,5,3044001,14792077,1.0,1374,1152921504606846975
5270000,4,3049018,14816080,1.0,1376,1152921504606846975
5280000,4,3053918,14839557,1.0,1378,1152921504606846975
5290000,4,3058831,14863113,1.0,1381,1152921504606846975
5300000,5,3063713,14886472,1.0,1390,1152921504606846975
5310000,3,3068617,14909922,1.0,1395,1152921504606846975
5320000,4,3073531,14933509,1.0,1400,1152921504606846975
5330000,5,3078468,14957239,1.0,1404,1152921504606846975
5340000,3,3083394,14980867,1.0,1409,1152921504606846975
5350000,4,3088287,15004300,1.0,1410,1152921504606846975
5360000,4,3093188,15027778,1.0,1412,1152921504606846975
5370000,4,3098104,15051337,1.0,1417,1152921504606846975
5380000,4,3102964,15074624,1.0,1419,1152921504606846975
5390000,4,3107935,15098425,1.0,1422,1152921504606846975
5400000,5,3112888,15122189,1.0,1425,1152921504606846975
5410000,5,3117780,15145552,1.0,1430,1152921504606846975
5420000,6,3122713,15169211,1.0,1437,1152921504606846975
5430000,5,3127630,15192797,1.0,1444,1152921504606846975
5440000,4,3132473,15215946,1.0,1445,1152921504606846975
5450000,5,3137296,15238979,1.0,1449,1152921504606846975
5460000,5,3142183,15262354,1.0,1453,1152921504606846975
5470000,5,3147157,15286191,1.0,1459,1152921504606846975
5480000,5,3152005,15309391,1.0,1466,1152921504606846975
5490000,4,3156885,15332718,1.0,1469,1152921504606846975
5500000,4,3161792,15356194,1.0,1475,1152921504606846975
5510000,4,3166630,15379398,1.0,1477,1152921504606846975
5520000,4,3171541,15402802,1.0,1482,1152921504606846975
5530000,4,3176481,15426412,1.0,1486,1152921504606846975
5540000,4,3181253,15449150,1.0,1493,1152921504606846975
5550000,4,3186067,15472198,1.0,1498,1152921504606846975
5560000,4,3190888,15495235,1.0,1503,1152921504606846975
5570000,4,3195709,15518246,1.0,1506,1152921504606846975
5580000,4,3200542,15541306,1.0,1512,1152921504606846975
5590000,6,3205443,15564780,1.0,1522,1152921504606846975
5600000,4,3210263,15587886,1.0,1525,1152921504606846975
5610000,3,3215051,15610830,1.0,1528,1152921504606846975
5620000,5,3219922,15634120,1.0,1532,1152921504606846975
5630000,4,3224804,15657466,1.0,1539,1152921504606846975
5640000,5,3229779,15681219,1.0,1544,1152921504606846975
5650000,5,3234754,15704930,1.0,1550,1152921504606846975
5660000,6,3239700,15728559,1.0,1555,1152921504606846975
5670000,5,3244613,15752015,1.0,1555,1152921504606846975
5680000,6,3249535,15775535,1.0,1558,1152921504606846975
5690000,6,3254477,15799218,1.0,1564,1152921504606846975
5700000,5,3259441,15822922,1.0,1568,1152921504606846975
5710000,6,3264298,15846168,1.0,1571,1152921504606846975
5720000,5,3269248,15869868,1.0,1572,1152921504606846975
5730000,7,3274219,15893631,1.0,1573,1152921504606846975
5740000,6,3279123,15917049,1.0,1575,1152921504606846975
5750000,6,3284030,15940511,1.0,1578,1152921504606846975
5760000,8,3289088,15964776,1.0,1585,1152921504606846975
5770000,6,3293942,15988022,1.0,1586,1152921504606846975
5780000,4,3298774,16011217,1.0,1587,1152921504606846975
5790000,8,3303705,16034758,1.0,1591,1152921504606846975
5800000,6,3308624,16058248,1.0,1595,1152921504606846975
5810000,5,3313508,16081502,1.0,1599,1152921504606846975
5820000,6,3318322,16104510,1.0,1601,1152921504606846975
5830000,7,3323215,16127888,1.0,1603,1152921504606846975
5840000,6,3328072,16151172,1.0,1604,1152921504606846975
5850000,6,3332923,16174323,1.0,1606,1152921504606846975
5860000,5,3337741,16197341,1.0,1608,1152921504606846975
5870000,6,3342536,16220285,1.0,1615,1152921504606846975
5880000,7,3347291,16242985,1.0,1618,1152921504606846975
5890000,6,3352105,16266021,1.0,1621,1152921504606846975
5900000,7,3356949,16289212,1.0,1624,1152921504606846975
5910000,7,3361734,16312029,1.0,1627,1152921504606846975
5920000,6,3366607,16335260,1.0,1630,1152921504606846975
5930000,5,3371433,16358386,1.0,1630,1152921504606846975
5940000,5,3376215,16381141,1.0,1634,1152921504606846975
5950000,5,3381059,16404309,1.0,1639,1152921504606846975
5960000,6,3385822,16427035,1.0,1644,1152921504606846975
5970000,4,3390577,16449810,1.0,1648,1152921504606846975
5980000,7,3395317,16472383,1.0,1650,1152921504606846975
5990000,6,3400031,16494838,1.0,1652,1152921504606846975
6000000,7,3404742,16517261,1.0,1656,1152921504606846975
6010000,6,3409505,16540026,1.0,1658,1152921504606846975
6020000,3,3414224,16562607,1.0,1658,1152921504606846975
6030000,4,3418931,16585146,1.0,1660,1152921504606846975
6040000,6,3423641,16607732,1.0,1663,1152921504606846975
6050000,7,3428443,16630641,1.0,1665,1152921504606846975
6060000,5,3433144,16652951,1.0,1669,1152921504606846975
6070000,5,3437886,16675530,1.0,1671,1152921504606846975
6080000,5,3442553,16697844,1.0,1674,1152921504606846975
6090000,7,3447189,16719922,1.0,1678,1152921504606846975
6100000,7,3451944,16742607,1.0,1680,1152921504606846975
6110000,5,3456675,16765128,1.0,1685,1152921504606846975
6120000,5,3461368,16787530,1.0,1690,1152921504606846975
6130000,7,3466165,16810335,1.0,1694,1152921504606846975
6140000,6,3470838,16832650,1.0,1697,1152921504606846975
6150000,5,3475444,16854696,1.0,1700,1152921504606846975
6160000,5,3480038,16876606,1.0,1701,1152921504606846975
6170000,5,3484800,16899366,1.0,1703,1152921504606846975
6180000,4,3489449,16921515,1.0,1704,1152921504606846975
6190000,8,3494162,16943993,1.0,1708,1152921504606846975
6200000,4,3498826,16966201,1.0,1711,1152921504606846975
6210000,7,3503482,16988421,1.0,1715,1152921504606846975
6220000,5,3508157,17010728,1.0,1716,1152921504606846975
6230000,5,3512807,17032888,1.0,1719,1152921504606846975
6240000,7,3517465,17055065,1.0,1720,1152921504606846975
6250000,6,3522138,17077288,1.0,1724,1152921504606846975
6260000,8,3526849,17099791,1.0,1726,1152921504606846975
6270000,5,3531490,17121918,1.0,1728,1152921504606846975
6280000,6,3536241,17144598,1.0,1728,1152921504606846975
6290000,6,3540902,17166816,1.0,1731,1152921504606846975
6300000,6,3545479,17188685,1.0,1732,1152921504606846975
6310000,6,3550040,17210527,1.0,1733,1152921504606846975
6320000,5,3554641,17232548,1.0,1736,1152921504606846975
6330000,7,3559228,17254453,1.0,1738,1152921504606846975
6340000,7,3563894,17276722,1.0,1740,1152921504606846975
6350000,6,3568552,17299001,1.0,1741,1152921504606846975
6360000,4,3573080,17320583,1.0,1741,1152921504606846975
6370000,6,3577654,17342428,1.0,1741,1152921504606846975
6380000,5,3582199,17364146,1.0,1747,1152921504606846975
6390000,7,3586746,17385861,1.0,1749,1152921504606846975
6400000,5,3591391,17408050,1.0,1750,1152921504606846975
6410000,6,3596033,17430194,1.0,1753,1152921504606846975
6420000,5,3600736,17452558,1.0,1755,1152921504606846975
6430000,5,3605265,17474208,1.0,1758,1152921504606846975
6440000,6,3609811,17495718,1.0,1761,1152921504606846975
6450000,6,3614373,17517424,1.0,1765,1152921504606846975
6460000,6,3618850,17538703,1.0,1767,1152921504606846975
6470000,6,3623448,17560687,1.0,1768,1152921504606846975
6480000,6,3627968,17582239,1.0,1770,1152921504606846975
6490000,7,3632547,17604147,1.0,1771,1152921504606846975
6500000,5,3637064,17625736,1.0,1773,1152921504606846975
6510000,5,3641570,17647281,1.0,1774,1152921504606846975
6520000,5,3646102,17668871,1.0,1776,1152921504606846975
6530000,6,3650648,17690526,1.0,1778,1152921504606846975
6540000,8,3655185,17712076,1.0,1782,1152921504606846975
6550000,6,3659741,17733821,1.0,1783,1152921504606846975
6560000,5,3664307,17755595,1.0,1784,1152921504606846975
6570000,5,3668973,17777812,1.0,1786,1152921504606846975
6580000,6,3673639,17800018,1.0,1786,1152921504606846975
6590000,7,3678259,17821959,1.0,1789,1152921504606846975
6600000,5,3682837,17843682,1.0,1791,1152921504606846975
6610000,7,3687396,17865417,1.0,1797,1152921504606846975
6620000,6,3692007,17887408,1.0,1797,1152921504606846975
6630000,6,3696547,17908954,1.0,1797,1152921504606846975
6640000,4,3701023,17930239,1.0,1799,1152921504606846975
6650000,6,3705543,17951740,1.0,1804,1152921504606846975
6660000,5,3710191,17973841,1.0,1805,1152921504606846975
6670000,5,3714793,17995773,1.0,1806,1152921504606846975
6680000,5,3719518,18018312,1.0,1808,1152921504606846975
6690000,7,3724129,18040256,1.0,1810,1152921504606846975
6700000,7,3728733,18062173,1.0,1812,1152921504606846975
6710000,7,3733311,18084005,1.0,1815,1152921504606846975
6720000,7,3738001,18106457,1.0,1817,1152921504606846975
6730000,5,3742723,18128960,1.0,1821,1152921504606846975
6740000,5,3747325,18150952,1.0,1821,1152921504606846975
6750000,5,3751936,18172929,1.0,1824,1152921504606846975
6760000,7,3756602,18195157,1.0,1828,1152921504606846975
6770000,6,3761265,18217468,1.0,1830,1152921504606846975
6780000,7,3765924,18239602,1.0,1831,1152921504606846975
6790000,6,3770589,18261780,1.0,1832,1152921504606846975
6800000,7,3775270,18284001,1.0,1833,1152921504606846975
6810000,8,3779904,18306068,1.0,1838,1152921504606846975
6820000,7,3784580,18328379,1.0,1839,1152921504606846975
6830000,7,3789191,18350346,1.0,1840,1152921504606846975
6840000,7,3793739,18371958,1.0,1842,1152921504606846975
6850000,5,3798374,18394026,1.0,1843,1152921504606846975
6860000,5,3803111,18416537,1.0,1843,1152921504606846975
6870000,7,3807725,18438531,1.0,1845,1152921504606846975
6880000,5,3812422,18460926,1.0,1847,1152921504606846975
6890000,6,3817045,18482958,1.0,1849,1152921504606846975
6900000,7,3821774,18505473,1.0,1851,1152921504606846975
6910000,6,3826420,18527594,1.0,1851,1152921504606846975
6920000,5,3831113,18549936,1.0,1853,1152921504606846975
6930000,6,3835730,18571892,1.0,1854,1152921504606846975
6940000,7,3840363,18594054,1.0,1856,1152921504606846975
6950000,6,3845004,18616166,1.0,1859,1152921504606846975
6960000,6,3849659,18638293,1.0,1863,1152921504606846975
6970000,7,3854233,18660054,1.0,1865,1152921504606846975
6980000,6,3858883,18682193,1.0,1870,1152921504606846975
6990000,5,3863533,18704423,1.0,1872,1152921504606846975
7000000,7,3868178,18726444,1.0,1876,1152921504606846975
7010000,7,3872687,18747997,1.0,1880,1152921504606846975
7020000,8,3877249,18769774,1.0,1883,1152921504606846975
7030000,6,3881861,18791852,1.0,1887,1152921504606846975
7040000,5,3886488,18813954,1.0,1889,1152921504606846975
7050000,7,3891142,18836105,1.0,1892,1152921504606846975
7060000,6,3895835,18858407,1.0,1897,1152921504606846975
7070000,7,3900508,18880699,1.0,1899,1152921504606846975
7080000,6,3905203,18903098,1.0,1906,1152921504606846975
7090000,6,3909930,18925617,1.0,1910,1152921504606846975
7100000,6,3914626,18948001,1.0,1910,1152921504606846975
7110000,6,3919308,18970358,1.0,1912,1152921504606846975
7120000,8,3923986,18992606,1.0,1914,1152921504606846975
7130000,6,3928614,19014626,1.0,1917,1152921504606846975
7140000,5,3933270,19036870,1.0,1919,1152921504606846975
7150000,9,3937964,19059241,1.0,1923,1152921504606846975
7160000,8,3942637,19081559,1.0,1924,1152921504606846975
7170000,7,3947298,19103754,1.0,1927,1152921504606846975
7180000,5,3951955,19125955,1.0,1931,1152921504606846975
7190000,8,3956571,19147927,1.0,1934,1152921504606846975
7200000,7,3961269,19170338,1.0,1935,1152921504606846975
7210000,8,3965905,19192434,1.0,1936,1152921504606846975
7220000,5,3970538,19214515,1.0,1937,1152921504606846975
7230000,6,3975305,19237187,1.0,1939,1152921504606846975
7240000,6,3979962,19259364,1.0,1942,1152921504606846975
7250000,5,3984604,19281481,1.0,1943,1152921504606846975
7260000,7,3989245,19303417,1.0,1945,1152921504606846975
7270000,7,3993753,19324899,1.0,1945,1152921504606846975
7280000,7,3998341,19346805,1.0,1946,1152921504606846975
7290000,7,4002990,19368879,1.0,1948,1152921504606846975
7300000,6,4007674,19391188,1.0,1948,1152921504606846975
7310000,5,4012222,19412804,1.0,1949,1152921504606846975
7320000,4,4016835,19434724,1.0,1950,1152921504606846975
7330000,7,4021377,19456301,1.0,1952,1152921504606846975
7340000,6,4025861,19477620,1.0,1954,1152921504606846975
7350000,7,4030332,19498952,1.0,1956,1152921504606846975
7360000,5,4034864,19520513,1.0,1958,1152921504606846975
7370000,6,4039363,19541877,1.0,1960,1152921504606846975
7380000,6,4043849,19563126,1.0,1961,1152921504606846975
7390000,7,4048330,19584522,1.0,1962,1152921504606846975
7400000,6,4052875,19606153,1.0,1964,1152921504606846975
7410000,6,4057450,19627812,1.0,1966,1152921504606846975
7420000,9,4061976,19649334,1.0,1968,1152921504606846975
7430000,8,4066466,19670705,1.0,1969,1152921504606846975
7440000,7,4071092,19692688,1.0,1971,1152921504606846975
7450000,6,4075581,19714040,1.0,1973,1152921504606846975
7460000,5,4080110,19735446,1.0,1976,1152921504606846975
7470000,6,4084574,19756654,1.0,1979,1152921504606846975
7480000,9,4089173,19778477,1.0,1980,1152921504606846975
7490000,7,4093686,19799974,1.0,1984,1152921504606846975
7500000,9,4098200,19821434,1.0,1987,1152921504606846975
7510000,7,4102714,19842842,1.0,1989,1152921504606846975
7520000,7,4107288,19864678,1.0,1990,1152921504606846975
7530000,7,4111793,19886067,1.0,1993,1152921504606846975
7540000,6,4116351,19907726,1.0,1998,1152921504606846975
7550000,9,4120830,19929002,1.0,2002,1152921504606846975
7560000,6,4125309,19950366,1.0,2003,1152921504606846975
7570000,5,4129870,19972038,1.0,2004,1152921504606846975
7580000,7,4134356,19993432,1.0,2006,1152921504606846975
7590000,9,4138873,20014968,1.0,2010,1152921504606846975
7600000,6,4143387,20036497,1.0,2011,1152921504606846975
7610000,7,4147882,20057940,1.0,2014,1152921504606846975
7620000,7,4152408,20079418,1.0,2017,1152921504606846975
7630000,5,4156955,20101126,1.0,2019,1152921504606846975
7640000,6,4161513,20122856,1.0,2020,1152921504606846975
7650000,8,4166035,20144281,1.0,2025,1152921504606846975
7660000,6,4170494,20165510,1.0,2026,1152921504606846975
7670000,7,4175022,20187044,1.0,2030,1152921504606846975
7680000,6,4179527,20208416,1.0,2031,1152921504606846975
7690000,8,4183991,20229649,1.0,2038,1152921504606846975
7700000,8,4188484,20250937,1.0,2041,1152921504606846975
7710000,7,4192999,20272312,1.0,2042,1152921504606846975
7720000,8,4197511,20293593,1.0,2044,1152921504606846975
7730000,6,4202008,20314846,1.0,2044,1152921504606846975
7740000,7,4206540,20336295,1.0,2044,1152921504606846975
7750000,5,4211116,20358118,1.0,2044,1152921504606846975
7760000,7,4215678,20379761,1.0,2047,1152921504606846975
7770000,7,4220072,20400674,1.0,2050,1152921504606846975
7780000,7,4224574,20422068,1.0,2052,1152921504606846975
7790000,8,4229059,20443319,1.0,2057,1152921504606846975
7800000,7,4233632,20465011,1.0,2060,1152921504606846975
7810000,4,4238152,20486472,1.0,2061,1152921504606846975
7820000,8,4242612,20507705,1.0,2065,1152921504606846975
7830000,6,4247053,20528764,1.0,2068,1152921504606846975
7840000,6,4251496,20549799,1.0,2069,1152921504606846975
7850000,7,4255990,20571137,1.0,2071,1152921504606846975
7860000,7,4260525,20592691,1.0,2076,1152921504606846975
7870000,6,4264985,20613784,1.0,2078,1152921504606846975
7880000,5,4269455,20635051,1.0,2080,1152921504606846975
7890000,5,4274039,20656745,1.0,2083,1152921504606846975
7900000,6,4278614,20678464,1.0,2086,1152921504606846975
7910000,7,4283096,20699725,1.0,2090,1152921504606846975
7920000,5,4287682,20721575,1.0,2091,1152921504606846975
7930000,7,4292154,20742881,1.0,2091,1152921504606846975
7940000,8,4296634,20764207,1.0,2093,1152921504606846975
7950000,5,4301262,20786222,1.0,2093,1152921504606846975
7960000,8,4305741,20807489,1.0,2094,1152921504606846975
7970000,6,4310246,20828893,1.0,2096,1152921504606846975
7980000,9,4314748,20850256,1.0,2098,1152921504606846975
7990000,8,4319153,20871153,1.0,2100,1152921504606846975
8000000,7,4323654,20892528,1.0,2104,1152921504606846975
8010000,8,4328221,20914214,1.0,2104,1152921504606846975
8020000,5,4332699,20935468,1.0,2105,1152921504606846975
8030000,8,4337211,20956953,1.0,2111,1152921504606846975
8040000,9,4341788,20978737,1.0,2113,1152921504606846975
8050000,7,4346306,21000118,1.0,2115,1152921504606846975
8060000,8,4350841,21021607,1.0,2123,1152921504606846975
8070000,6,4355344,21042984,1.0,2126,1152921504606846975
8080000,8,4359824,21064231,1.0,2130,1152921504606846975
8090000,6,4364289,21085485,1.0,2134,1152921504606846975
8100000,7,4368756,21106693,1.0,2134,1152921504606846975
8110000,7,4373219,21127836,1.0,2134,1152921504606846975
8120000,8,4377733,21149269,1.0,2137,1152921504606846975
8130000,8,4382214,21170469,1.0,2138,1152921504606846975
8140000,5,4386643,21191485,1.0,2138,1152921504606846975
8150000,5,4391139,21212843,1.0,2140,1152921504606846975
8160000,7,4395621,21234187,1.0,2141,1152921504606846975
8170000,7,4400146,21255710,1.0,2144,1152921504606846975
8180000,5,4404660,21277167,1.0,2146,1152921504606846975
8190000,7,4409169,21298616,1.0,2148,1152921504606846975
8200000,8,4413582,21319588,1.0,2150,1152921504606846975
8210000,6,4418030,21340793,1.0,2151,1152921504606846975
8220000,9,4422509,21361979,1.0,2154,1152921504606846975
8230000,7,4426977,21383236,1.0,2155,1152921504606846975
8240000,7,4431492,21404678,1.0,2158,1152921504606846975
8250000,8,4436039,21426325,1.0,2162,1152921504606846975
8260000,8,4440583,21447848,1.0,2165,1152921504606846975
8270000,8,4445085,21469292,1.0,2168,1152921504606846975
8280000,6,4449565,21490538,1.0,2171,1152921504606846975
8290000,8,4454021,21511808,1.0,2172,1152921504606846975
8300000,9,4458465,21532801,1.0,2173,1152921504606846975
8310000,8,4463002,21554391,1.0,2174,1152921504606846975
8320000,8,4467487,21575751,1.0,2180,1152921504606846975
8330000,8,4471989,21597176,1.0,2181,1152921504606846975
8340000,7,4476438,21618358,1.0,2182,1152921504606846975
8350000,7,4480948,21639753,1.0,2184,1152921504606846975
8360000,5,4485418,21660912,1.0,2185,1152921504606846975
8370000,8,4489849,21681824,1.0,2188,1152921504606846975
8380000,8,4494303,21702984,1.0,2189,1152921504606846975
8390000,8,4498785,21724269,1.0,2194,1152921504606846975
8400000,8,4503254,21745585,1.0,2196,1152921504606846975
8410000,7,4507644,21766399,1.0,2197,1152921504606846975
8420000,5,4512187,21787973,1.0,2197,1152921504606846975
8430000,9,4516724,21809481,1.0,2201,1152921504606846975
8440000,7,4521167,21830581,1.0,2203,1152921504606846975
8450000,7,4525641,21851830,1.0,2206,1152921504606846975
8460000,10,4530144,21873229,1.0,2212,1152921504606846975
8470000,8,4534626,21894464,1.0,2213,1152921504606846975
8480000,7,4539085,21915562,1.0,2216,1152921504606846975
8490000,8,4543571,21936860,1.0,2218,1152921504606846975
8500000,7,4548009,21957835,1.0,2220,1152921504606846975
8510000,8,4552578,21979601,1.0,2221,1152921504606846975
8520000,6,4557032,22000844,1.0,2223,1152921504606846975
8530000,6,4561502,22022016,1.0,2230,1152921504606846975
8540000,6,4565932,22042998,1.0,2231,1152921504606846975
8550000,6,4570471,22064558,1.0,2233,1152921504606846975
8560000,6,4574898,22085615,1.0,2236,1152921504606846975
8570000,8,4579349,22106691,1.0,2237,1152921504606846975
8580000,6,4583903,22128221,1.0,2238,1152921504606846975
8590000,7,4588338,22149161,1.0,2238,1152921504606846975
8600000,7,4592740,22170057,1.0,2240,1152921504606846975
8610000,6,4597089,22190751,1.0,2241,1152921504606846975
8620000,7,4601527,22211702,1.0,2247,1152921504606846975
8630000,8,4605860,22232220,1.0,2250,1152921504606846975
8640000,6,4610250,22253100,1.0,2251,1152921504606846975
8650000,7,4614729,22274319,1.0,2252,1152921504606846975
8660000,6,4619051,22294812,1.0,2252,1152921504606846975
8670000,6,4623491,22315926,1.0,2252,1152921504606846975
8680000,6,4628004,22337331,1.0,2254,1152921504606846975
8690000,7,4632431,22358424,1.0,2254,1152921504606846975
8700000,7,4636765,22378949,1.0,2256,1152921504606846975
8710000,7,4641237,22400078,1.0,2258,1152921504606846975
8720000,9,4645798,22421725,1.0,2264,1152921504606846975
8730000,6,4650193,22442596,1.0,2265,1152921504606846975
8740000,8,4654644,22463622,1.0,2267,1152921504606846975
8750000,6,4659089,22484689,1.0,2269,1152921504606846975
8760000,6,4663498,22505569,1.0,2269,1152921504606846975
8770000,7,4667936,22526512,1.0,2271,1152921504606846975
8780000,7,4672374,22547524,1.0,2274,1152921504606846975
8790000,7,4676971,22569383,1.0,2275,1152921504606846975
8800000,8,4681392,22590483,1.0,2277,1152921504606846975
8810000,7,4685784,22611240,1.0,2277,1152921504606846975
8820000,9,4690137,22631768,1.0,2281,1152921504606846975
8830000,6,4694551,22652648,1.0,2286,1152921504606846975
8840000,8,4698913,22673291,1.0,2290,1152921504606846975
8850000,7,4703193,22693625,1.0,2295,1152921504606846975
8860000,8,4707586,22714421,1.0,2296,1152921504606846975
8870000,5,4711936,22735058,1.0,2299,1152921504606846975
8880000,7,4716331,22755856,1.0,2300,1152921504606846975
8890000,7,4720631,22776114,1.0,2302,1152921504606846975
8900000,8,4725072,22797181,1.0,2306,1152921504606846975
8910000,8,4729303,22817174,1.0,2307,1152921504606846975
8920000,7,4733655,22837747,1.0,2311,1152921504606846975
8930000,7,4737966,22858155,1.0,2311,1152921504606846975
8940000,8,4742207,22878200,1.0,2312,1152921504606846975
8950000,9,4746456,22898231,1.0,2317,1152921504606846975
8960000,8,4750845,22918794,1.0,2320,1152921504606846975
8970000,7,4755216,22939555,1.0,2321,1152921504606846975
8980000,6,4759559,22960187,1.0,2321,1152921504606846975
8990000,7,4764002,22981310,1.0,2325,1152921504606846975
9000000,7,4768303,23001539,1.0,2328,1152921504606846975
9010000,7,4772686,23022303,1.0,2331,1152921504606846975
9020000,7,4777096,23043185,1.0,2331,1152921504606846975
9030000,6,4781435,23063661,1.0,2334,1152921504606846975
9040000,8,4785818,23084403,1.0,2335,1152921504606846975
9050000,7,4790087,23104583,1.0,2337,1152921504606846975
9060000,7,4794381,23124911,1.0,2341,1152921504606846975
9070000,8,4798733,23145475,1.0,2345,1152921504606846975
9080000,7,4803058,23165998,1.0,2346,1152921504606846975
9090000,8,4807538,23187246,1.0,2348,1152921504606846975
9100000,9,4811894,23207776,1.0,2351,1152921504606846975
9110000,8,4816359,23228844,1.0,2352,1152921504606846975
9120000,7,4820808,23249882,1.0,2353,1152921504606846975
9130000,5,4825250,23270789,1.0,2354,1152921504606846975
9140000,9,4829768,23292206,1.0,2357,1152921504606846975
9150000,9,4834123,23312796,1.0,2361,1152921504606846975
9160000,6,4838524,23333668,1.0,2361,1152921504606846975
9170000,6,4842900,23354270,1.0,2363,1152921504606846975
9180000,8,4847251,23374759,1.0,2365,1152921504606846975
9190000,7,4851641,23395491,1.0,2367,1152921504606846975
9200000,8,4855944,23415800,1.0,2368,1152921504606846975
9210000,6,4860234,23436148,1.0,2370,1152921504606846975
9220000,9,4864616,23456847,1.0,2374,1152921504606846975
9230000,7,4868982,23477489,1.0,2375,1152921504606846975
9240000,8,4873316,23497982,1.0,2380,1152921504606846975
9250000,9,4877745,23518977,1.0,2382,1152921504606846975
9260000,9,4882121,23539678,1.0,2384,1152921504606846975
9270000,7,4886403,23559986,1.0,2386,1152921504606846975
9280000,8,4890699,23580349,1.0,2386,1152921504606846975
9290000,8,4895034,23600870,1.0,2387,1152921504606846975
9300000,8,4899325,23621201,1.0,2389,1152921504606846975
9310000,6,4903719,23641927,1.0,2391,1152921504606846975
9320000,10,4908027,23662309,1.0,2394,1152921504606846975
9330000,8,4912428,23683162,1.0,2395,1152921504606846975
9340000,10,4916755,23703569,1.0,2398,1152921504606846975
9350000,9,4921098,23724087,1.0,2403,1152921504606846975
9360000,6,4925470,23744824,1.0,2403,1152921504606846975
9370000,8,4929769,23765119,1.0,2405,1152921504606846975
9380000,6,4934148,23785793,1.0,2406,1152921504606846975
9390000,8,4938447,23806103,1.0,2410,1152921504606846975
9400000,8,4942748,23826544,1.0,2413,1152921504606846975
9410000,7,4947131,23847281,1.0,2414,1152921504606846975
9420000,8,4951457,23867831,1.0,2417,1152921504606846975
9430000,8,4955818,23888395,1.0,2422,1152921504606846975
9440000,5,4960086,23908491,1.0,2423,1152921504606846975
9450000,9,4964459,23929180,1.0,2426,1152921504606846975
9460000,7,4968828,23949824,1.0,2431,1152921504606846975
9470000,8,4973122,23970130,1.0,2433,1152921504606846975
9480000,8,4977517,23990872,1.0,2435,1152921504606846975
9490000,8,4981760,24010957,1.0,2439,1152921504606846975
9500000,8,4986111,24031482,1.0,2443,1152921504606846975
9510000,9,4990420,24051813,1.0,2446,1152921504606846975
9520000,10,4994805,24072590,1.0,2451,1152921504606846975
9530000,6,4999171,24093269,1.0,2453,1152921504606846975
9540000,8,5003476,24113560,1.0,2454,1152921504606846975
9550000,9,5007841,24134169,1.0,2455,1152921504606846975
9560000,8,5012187,24154783,1.0,2458,1152921504606846975
9570000,8,5016539,24175285,1.0,2459,1152921504606846975
9580000,8,5020932,24195945,1.0,2464,1152921504606846975
9590000,7,5025249,24216286,1.0,2466,1152921504606846975
9600000,9,5029515,24236429,1.0,2470,1152921504606846975
9610000,5,5033872,24257052,1.0,2470,1152921504606846975
9620000,9,5038207,24277591,1.0,2471,1152921504606846975
9630000,8,5042504,24297817,1.0,2475,1152921504606846975
9640000,6,5046784,24318097,1.0,2478,1152921504606846975
9650000,6,5051107,24338507,1.0,2481,1152921504606846975
9660000,7,5055373,24358771,1.0,2483,1152921504606846975
9670000,9,5059628,24378932,1.0,2485,1152921504606846975
9680000,8,5063944,24399222,1.0,2488,1152921504606846975
9690000,7,5068285,24419828,1.0,2489,1152921504606846975
9700000,6,5072570,24440035,1.0,2490,1152921504606846975
9710000,6,5076807,24460067,1.0,2491,1152921504606846975
9720000,8,5081039,24479975,1.0,2492,1152921504606846975
9730000,9,5085434,24500694,1.0,2493,1152921504606846975
9740000,7,5089766,24521157,1.0,2495,1152921504606846975
9750000,7,5094074,24541457,1.0,2496,1152921504606846975
9760000,7,5098422,24561965,1.0,2498,1152921504606846975
9770000,7,5102706,24582209,1.0,2501,1152921504606846975
9780000,7,5106969,24602414,1.0,2502,1152921504606846975
9790000,8,5111160,24622255,1.0,2505,1152921504606846975
9800000,6,5115426,24642425,1.0,2506,1152921504606846975
9810000,8,5119774,24662959,1.0,2509,1152921504606846975
9820000,9,5123995,24682888,1.0,2512,1152921504606846975
9830000,6,5128268,24703003,1.0,2516,1152921504606846975
9840000,8,5132431,24722572,1.0,2518,1152921504606846975
9850000,9,5136713,24742855,1.0,2523,1152921504606846975
9860000,6,5141002,24763155,1.0,2527,1152921504606846975
9870000,9,5145286,24783449,1.0,2528,1152921504606846975
9880000,6,5149518,24803407,1.0,2531,1152921504606846975
9890000,7,5153711,24823235,1.0,2531,1152921504606846975
9900000,7,5157958,24843297,1.0,2531,1152921504606846975
9910000,7,5162186,24863160,1.0,2532,1152921504606846975
9920000,7,5166531,24883717,1.0,2537,1152921504606846975
9930000,9,5170781,24903768,1.0,2539,1152921504606846975
9940000,10,5174985,24923619,1.0,2544,1152921504606846975
9950000,7,5179266,24943893,1.0,2547,1152921504606846975
9960000,8,5183578,24964285,1.0,2551,1152921504606846975
9970000,10,5187792,24984111,1.0,2553,1152921504606846975
9980000,9,5192014,25003932,1.0,2557,1152921504606846975
9990000,5,5196298,25024159,1.0,2558,1152921504606846975
10000000,7,5200559,25044325,1.0,2559,1152921504606846975
10010000,6,5204809,25064401,1.0,2561,1152921504606846975
10020000,7,5209047,25084410,1.0,2563,1152921504606846975
10030000,5,5213245,25104263,1.0,2564,1152921504606846975
10040000,8,5217526,25124444,1.0,2565,1152921504606846975
10050000,9,5221772,25144531,1.0,2567,1152921504606846975
10060000,9,5225999,25164512,1.0,2569,1152921504606846975
10070000,8,5230302,25184878,1.0,2573,1152921504606846975
10080000,7,5234509,25204735,1.0,2575,1152921504606846975
10090000,9,5238741,25224699,1.0,2579,1152921504606846975
10100000,7,5242976,25244694,1.0,2582,1152921504606846975
10110000,6,5247135,25264316,1.0,2583,1152921504606846975
10120000,10,5251320,25284054,1.0,2588,1152921504606846975
10130000,7,5255720,25304815,1.0,2590,1152921504606846975
10140000,11,5259917,25324635,1.0,2595,1152921504606846975
10150000,10,5264167,25344675,1.0,2597,1152921504606846975
10160000,6,5268378,25364643,1.0,2597,1152921504606846975
10170000,7,5272579,25384399,1.0,2600,1152921504606846975
10180000,7,5276779,25404105,1.0,2606,1152921504606846975
10190000,8,5281055,25424246,1.0,2608,1152921504606846975
10200000,6,5285352,25444552,1.0,2609,1152921504606846975
10210000,8,5289559,25464373,1.0,2612,1152921504606846975
10220000,9,5293805,25484429,1.0,2614,1152921504606846975
10230000,7,5297955,25503990,1.0,2614,1152921504606846975
10240000,10,5302192,25523949,1.0,2619,1152921504606846975
10250000,9,5306393,25543737,1.0,2621,1152921504606846975
10260000,9,5310679,25563976,1.0,2624,1152921504606846975
10270000,8,5314911,25583976,1.0,2626,1152921504606846975
10280000,8,5319128,25603889,1.0,2629,1152921504606846975
10290000,7,5323361,25623871,1.0,2631,1152921504606846975
10300000,9,5327518,25643476,1.0,2633,1152921504606846975
10310000,8,5331714,25663263,1.0,2635,1152921504606846975
10320000,5,5335916,25683119,1.0,2636,1152921504606846975
10330000,9,5340073,25702633,1.0,2637,1152921504606846975
10340000,5,5344228,25722213,1.0,2639,1152921504606846975
10350000,6,5348428,25742009,1.0,2641,1152921504606846975
10360000,7,5352708,25762205,1.0,2643,1152921504606846975
10370000,5,5356865,25781825,1.0,2646,1152921504606846975
10380000,8,5361042,25801632,1.0,2646,1152921504606846975
10390000,9,5365268,25821570,1.0,2649,1152921504606846975
10400000,9,5369502,25841574,1.0,2654,1152921504606846975
10410000,8,5373587,25860843,1.0,2656,1152921504606846975
10420000,8,5377775,25880514,1.0,2657,1152921504606846975
10430000,8,5381990,25900495,1.0,2658,1152921504606846975
10440000,7,5386235,25920510,1.0,2658,1152921504606846975
10450000,9,5390402,25940104,1.0,2659,1152921504606846975
10460000,7,5394510,25959486,1.0,2662,1152921504606846975
10470000,9,5398729,25979307,1.0,2664,1152921504606846975
10480000,8,5402957,25999181,1.0,2668,1152921504606846975
10490000,7,5407068,26018579,1.0,2670,1152921504606846975
10500000,6,5411372,26038901,1.0,2674,1152921504606846975
10510000,9,5415542,26058606,1.0,2675,1152921504606846975
10520000,7,5419607,26077678,1.0,2678,1152921504606846975
10530000,8,5423789,26097499,1.0,2680,1152921504606846975
10540000,9,5427944,26117159,1.0,2684,1152921504606846975
10550000,7,5432055,26136541,1.0,2685,1152921504606846975
10560000,8,5436214,26156158,1.0,2688,1152921504606846975
10570000,10,5440437,26176098,1.0,2692,1152921504606846975
10580000,6,5444639,26195763,1.0,2695,1152921504606846975
10590000,8,5448768,26215332,1.0,2697,1152921504606846975
10600000,7,5452988,26235187,1.0,2700,1152921504606846975
10610000,6,5457209,26255122,1.0,2702,1152921504606846975
10620000,7,5461442,26275084,1.0,2704,1152921504606846975
10630000,5,5465577,26294629,1.0,2706,1152921504606846975
10640000,6,5469785,26314455,1.0,2710,1152921504606846975
10650000,7,5473917,26333911,1.0,2712,1152921504606846975
10660000,7,5478050,26353245,1.0,2716,1152921504606846975
10670000,8,5482273,26373154,1.0,2719,1152921504606846975
10680000,11,5486371,26392479,1.0,2722,1152921504606846975
10690000,7,5490500,26411880,1.0,2723,1152921504606846975
10700000,8,5494683,26431552,1.0,2724,1152921504606846975
10710000,6,5498864,26451257,1.0,2727,1152921504606846975
10720000,8,5502981,26470672,1.0,2731,1152921504606846975
10730000,7,5507172,26490490,1.0,2732,1152921504606846975
10740000,9,5511285,26509828,1.0,2734,1152921504606846975
10750000,9,5515451,26529519,1.0,2737,1152921504606846975
10760000,7,5519594,26549053,1.0,2740,1152921504606846975
10770000,9,5523769,26568844,1.0,2743,1152921504606846975
10780000,9,5527857,26588195,1.0,2745,1152921504606846975
10790000,9,5531913,26607417,1.0,2750,1152921504606846975
10800000,9,5536141,26627355,1.0,2756,1152921504606846975
10810000,8,5540288,26646793,1.0,2758,1152921504606846975
10820000,9,5544365,26665982,1.0,2763,1152921504606846975
10830000,9,5548477,26685332,1.0,2769,1152921504606846975
10840000,9,5552627,26704889,1.0,2770,1152921504606846975
10850000,7,5556736,26724376,1.0,2773,1152921504606846975
10860000,7,5560887,26744054,1.0,2775,1152921504606846975
10870000,12,5565081,26763825,1.0,2783,1152921504606846975
10880000,8,5569157,26783059,1.0,2788,1152921504606846975
10890000,11,5573195,26801993,1.0,2790,1152921504606846975
10900000,6,5577273,26821251,1.0,2790,1152921504606846975
10910000,7,5581482,26841050,1.0,2792,1152921504606846975
10920000,8,5585570,26860326,1.0,2800,1152921504606846975
10930000,8,5589715,26879849,1.0,2805,1152921504606846975
10940000,8,5593863,26899396,1.0,2808,1152921504606846975
10950000,8,5597902,26918471,1.0,2812,1152921504606846975
10960000,10,5602048,26938109,1.0,2814,1152921504606846975
10970000,8,5606262,26957943,1.0,2815,1152921504606846975
10980000,7,5610374,26977353,1.0,2818,1152921504606846975
10990000,11,5614489,26996788,1.0,2821,1152921504606846975
11000000,7,5618659,27016457,1.0,2822,1152921504606846975
11010000,7,5622835,27036142,1.0,2826,1152921504606846975
11020000,8,5626940,27055608,1.0,2829,1152921504606846975
11030000,9,5631071,27075016,1.0,2835,1152921504606846975
11040000,8,5635236,27094612,1.0,2836,1152921504606846975
11050000,7,5639290,27113723,1.0,2840,1152921504606846975
11060000,9,5643514,27133524,1.0,2844,1152921504606846975
11070000,8,5647643,27153055,1.0,2850,1152921504606846975
11080000,10,5651766,27172496,1.0,2859,1152921504606846975
11090000,9,5655899,27191906,1.0,2867,1152921504606846975
11100000,7,5659993,27211156,1.0,2872,1152921504606846975
11110000,6,5664095,27230335,1.0,2878,1152921504606846975
11120000,9,5668202,27249712,1.0,2884,1152921504606846975
11130000,8,5672227,27268573,1.0,2889,1152921504606846975
11140000,7,5676338,27288020,1.0,2893,1152921504606846975
11150000,9,5680490,27307499,1.0,2897,1152921504606846975
11160000,11,5684626,27326968,1.0,2904,1152921504606846975
11170000,9,5688716,27346248,1.0,2909,1152921504606846975
11180000,7,5692877,27365842,1.0,2913,1152921504606846975
11190000,9,5696891,27384635,1.0,2916,1152921504606846975
11200000,9,5701018,27404031,1.0,2924,1152921504606846975
11210000,8,5705145,27423570,1.0,2925,1152921504606846975
11220000,8,5709288,27443171,1.0,2928,1152921504606846975
11230000,8,5713452,27462799,1.0,2930,1152921504606846975
11240000,8,5717640,27482500,1.0,2937,1152921504606846975
11250000,7,5721687,27501563,1.0,2941,1152921504606846975
11260000,9,5725903,27521498,1.0,2949,1152921504606846975
11270000,9,5730018,27540837,1.0,2954,1152921504606846975
11280000,8,5734076,27559888,1.0,2958,1152921504606846975
11290000,9,5738157,27579149,1.0,2960,1152921504606846975
11300000,11,5742264,27598468,1.0,2967,1152921504606846975
11310000,9,5746417,27617976,1.0,2973,1152921504606846975
11320000,12,5750576,27637641,1.0,2980,1152921504606846975
11330000,8,5754722,27657251,1.0,2986,1152921504606846975
11340000,9,5758789,27676380,1.0,2991,1152921504606846975
11350000,10,5762887,27695689,1.0,2996,1152921504606846975
11360000,11,5767002,27715041,1.0,2998,1152921504606846975
11370000,12,5771159,27734518,1.0,3002,1152921504606846975
11380000,9,5775249,27753798,1.0,3003,1152921504606846975
11390000,10,5779373,27773192,1.0,3003,1152921504606846975
11400000,12,5783407,27792075,1.0,3009,1152921504606846975
11410000,11,5787314,27810417,1.0,3010,1152921504606846975
11420000,16,5791391,27829597,1.0,3014,1152921504606846975
11430000,9,5795460,27848776,1.0,3015,1152921504606846975
11440000,12,5799526,27867944,1.0,3019,1152921504606846975
11450000,12,5803645,27887269,1.0,3022,1152921504606846975
11460000,13,5807715,27906457,1.0,3025,1152921504606846975
11470000,12,5811774,27925562,1.0,3030,1152921504606846975
11480000,12,5815738,27944153,1.0,3034,1152921504606846975
11490000,14,5819773,27963199,1.0,3038,1152921504606846975
11500000,11,5823764,27982054,1.0,3039,1152921504606846975
11510000,9,5827838,28001223,1.0,3040,1152921504606846975
11520000,13,5831798,28019764,1.0,3044,1152921504606846975
11530000,10,5835826,28038611,1.0,3047,1152921504606846975
11540000,11,5839787,28057225,1.0,3049,1152921504606846975
11550000,11,5843876,28076441,1.0,3053,1152921504606846975
11560000,10,5847959,28095666,1.0,3054,1152921504606846975
11570000,12,5852005,28114707,1.0,3060,1152921504606846975
11580000,12,5855981,28133353,1.0,3063,1152921504606846975
11590000,10,5859952,28152031,1.0,3064,1152921504606846975
11600000,8,5864015,28171146,1.0,3070,1152921504606846975
11610000,12,5867974,28189752,1.0,3073,1152921504606846975
11620000,12,5871895,28208108,1.0,3079,1152921504606846975
11630000,8,5875931,28227071,1.0,3079,1152921504606846975
11640000,11,5879872,28245596,1.0,3081,1152921504606846975
11650000,11,5883789,28263968,1.0,3084,1152921504606846975
11660000,11,5887779,28282593,1.0,3084,1152921504606846975
11670000,9,5891792,28301475,1.0,3084,1152921504606846975
11680000,13,5895853,28320596,1.0,3087,1152921504606846975
11690000,12,5899907,28339671,1.0,3090,1152921504606846975
11700000,14,5903868,28358297,1.0,3092,1152921504606846975
11710000,9,5907803,28376827,1.0,3092,1152921504606846975
11720000,11,5911811,28395634,1.0,3094,1152921504606846975
11730000,8,5915756,28414237,1.0,3094,1152921504606846975
11740000,10,5919709,28432807,1.0,3097,1152921504606846975
11750000,11,5923758,28451733,1.0,3103,1152921504606846975
11760000,10,5927723,28470376,1.0,3104,1152921504606846975
11770000,10,5931770,28489357,1.0,3107,1152921504606846975
11780000,13,5935725,28507920,1.0,3111,1152921504606846975
11790000,9,5939765,28526823,1.0,3113,1152921504606846975
11800000,10,5943876,28546223,1.0,3114,1152921504606846975
11810000,13,5947845,28564870,1.0,3115,1152921504606846975
11820000,11,5951818,28583411,1.0,3120,1152921504606846975
11830000,13,5955710,28601687,1.0,3121,1152921504606846975
11840000,14,5959667,28620205,1.0,3127,1152921504606846975
11850000,12,5963693,28638999,1.0,3132,1152921504606846975
11860000,10,5967565,28657128,1.0,3134,1152921504606846975
11870000,11,5971514,28675657,1.0,3136,1152921504606846975
11880000,9,5975533,28694625,1.0,3137,1152921504606846975
11890000,11,5979510,28713199,1.0,3140,1152921504606846975
11900000,9,5983477,28731839,1.0,3144,1152921504606846975
11910000,13,5987484,28750627,1.0,3147,1152921504606846975
11920000,10,5991494,28769503,1.0,3149,1152921504606846975
11930000,14,5995459,28788037,1.0,3151,1152921504606846975
11940000,12,5999382,28806412,1.0,3153,1152921504606846975
11950000,11,6003420,28825440,1.0,3156,1152921504606846975
11960000,11,6007401,28844065,1.0,3159,1152921504606846975
11970000,14,6011301,28862272,1.0,3160,1152921504606846975
11980000,10,6015288,28881064,1.0,3161,1152921504606846975
11990000,9,6019265,28899736,1.0,3165,1152921504606846975
12000000,8,6023141,28917879,1.0,3167,1152921504606846975
12010000,8,6027140,28936649,1.0,3167,1152921504606846975
12020000,10,6031145,28955439,1.0,3170,1152921504606846975
12030000,11,6035148,28974192,1.0,3172,1152921504606846975
12040000,12,6039154,28993003,1.0,3177,1152921504606846975
12050000,11,6043029,29011113,1.0,3177,1152921504606846975
12060000,10,6046951,29029439,1.0,3181,1152921504606846975
12070000,8,6050953,29048263,1.0,3184,1152921504606846975
12080000,9,6054893,29066772,1.0,3185,1152921504606846975
12090000,11,6058806,29085112,1.0,3186,1152921504606846975
12100000,11,6062761,29103626,1.0,3190,1152921504606846975
12110000,9,6066774,29122400,1.0,3190,1152921504606846975
12120000,13,6070693,29140839,1.0,3195,1152921504606846975
12130000,10,6074644,29159373,1.0,3199,1152921504606846975
12140000,13,6078494,29177439,1.0,3200,1152921504606846975
12150000,8,6082496,29196170,1.0,3203,1152921504606846975
12160000,13,6086386,29214358,1.0,3204,1152921504606846975
12170000,12,6090370,29233009,1.0,3205,1152921504606846975
12180000,11,6094211,29251107,1.0,3206,1152921504606846975
12190000,11,6098125,29269442,1.0,3207,1152921504606846975
12200000,11,6101987,29287560,1.0,3210,1152921504606846975
12210000,14,6105897,29305900,1.0,3213,1152921504606846975
12220000,10,6109899,29324681,1.0,3216,1152921504606846975
12230000,10,6113821,29343030,1.0,3217,1152921504606846975
12240000,10,6117687,29361212,1.0,3217,1152921504606846975
12250000,8,6121519,29379216,1.0,3218,1152921504606846975
12260000,13,6125383,29397358,1.0,3221,1152921504606846975
12270000,11,6129432,29416248,1.0,3224,1152921504606846975
12280000,8,6133280,29434264,1.0,3227,1152921504606846975
12290000,10,6137205,29452668,1.0,3227,1152921504606846975
12300000,10,6141048,29470692,1.0,3230,1152921504606846975
12310000,12,6145017,29489365,1.0,3232,1152921504606846975
12320000,14,6148936,29507733,1.0,3236,1152921504606846975
12330000,11,6152845,29526027,1.0,3243,1152921504606846975
12340000,11,6156733,29544215,1.0,3247,1152921504606846975
12350000,13,6160614,29562454,1.0,3248,1152921504606846975
12360000,13,6164498,29580669,1.0,3251,1152921504606846975
12370000,10,6168361,29598819,1.0,3253,1152921504606846975
12380000,10,6172197,29616874,1.0,3255,1152921504606846975
12390000,11,6176068,29635008,1.0,3255,1152921504606846975
12400000,10,6179857,29652736,1.0,3260,1152921504606846975
12410000,13,6183602,29670365,1.0,3264,1152921504606846975
12420000,12,6187405,29688158,1.0,3264,1152921504606846975
12430000,10,6191369,29706833,1.0,3267,1152921504606846975
12440000,11,6195235,29724929,1.0,3270,1152921504606846975
12450000,8,6199200,29743437,1.0,3272,1152921504606846975
12460000,10,6203128,29761858,1.0,3275,1152921504606846975
12470000,7,6207063,29780341,1.0,3276,1152921504606846975
12480000,13,6210959,29798606,1.0,3280,1152921504606846975
12490000,12,6214915,29817175,1.0,3282,1152921504606846975
